<?xml version="1.0" encoding="UTF-8"?>
<!-- Generated by org.testng.reporters.JUnitXMLReporter -->
<testsuite ignored="0" hostname="LaptopShrija-O7U36RVR" failures="4" tests="4" name="Test" time="23.169" errors="0" timestamp="2023-11-02T14:51:03 IST">
  <testcase classname="login.DWS_Features_Products_03_Test" name="Add_product_to_cart_and_check_in_cart" time="0.106">
    <failure type="java.lang.NullPointerException" message="Cannot invoke &amp;quot;com.aventstack.extentreports.ExtentTest.log(com.aventstack.extentreports.Status, String)&amp;quot; because &amp;quot;login.DWS_Features_Products_03_Test.logger&amp;quot; is null">
      <![CDATA[java.lang.NullPointerException: Cannot invoke "com.aventstack.extentreports.ExtentTest.log(com.aventstack.extentreports.Status, String)" because "login.DWS_Features_Products_03_Test.logger" is null
at login.DWS_Features_Products_03_Test.Add_product_to_cart_and_check_in_cart(DWS_Features_Products_03_Test.java:18)
at java.base/java.util.ArrayList.forEach(ArrayList.java:1511)
... Removed 27 stack frames]]>
    </failure>
  </testcase> <!-- Add_product_to_cart_and_check_in_cart -->
  <testcase classname="books.DWS_Books_04_Test" name="Add_a_book_to_the_cart" time="0.932">
    <failure type="java.lang.NullPointerException" message="Cannot invoke &amp;quot;com.aventstack.extentreports.ExtentTest.log(com.aventstack.extentreports.Status, String)&amp;quot; because &amp;quot;books.DWS_Books_04_Test.logger&amp;quot; is null">
      <![CDATA[java.lang.NullPointerException: Cannot invoke "com.aventstack.extentreports.ExtentTest.log(com.aventstack.extentreports.Status, String)" because "books.DWS_Books_04_Test.logger" is null
at books.DWS_Books_04_Test.Add_a_book_to_the_cart(DWS_Books_04_Test.java:14)
at java.base/java.util.ArrayList.forEach(ArrayList.java:1511)
... Removed 27 stack frames]]>
    </failure>
  </testcase> <!-- Add_a_book_to_the_cart -->
  <testcase classname="jewelry.DWS_Jewelry_09_Test" name="Add_product_to_wishlist_and_check_it_is_added" time="0.787">
    <failure type="java.lang.NullPointerException" message="Cannot invoke &amp;quot;com.aventstack.extentreports.ExtentTest.log(com.aventstack.extentreports.Status, String)&amp;quot; because &amp;quot;jewelry.DWS_Jewelry_09_Test.logger&amp;quot; is null">
      <![CDATA[java.lang.NullPointerException: Cannot invoke "com.aventstack.extentreports.ExtentTest.log(com.aventstack.extentreports.Status, String)" because "jewelry.DWS_Jewelry_09_Test.logger" is null
at jewelry.DWS_Jewelry_09_Test.Add_product_to_wishlist_and_check_it_is_added(DWS_Jewelry_09_Test.java:16)
at java.base/java.util.ArrayList.forEach(ArrayList.java:1511)
... Removed 27 stack frames]]>
    </failure>
  </testcase> <!-- Add_product_to_wishlist_and_check_it_is_added -->
  <testcase classname="computers.DWS_DeskTop_05_Test" name="Add_two_product_to_compare_and_check" time="0.967">
    <failure type="java.lang.NullPointerException" message="Cannot invoke &amp;quot;com.aventstack.extentreports.ExtentTest.log(com.aventstack.extentreports.Status, String)&amp;quot; because &amp;quot;computers.DWS_DeskTop_05_Test.logger&amp;quot; is null">
      <![CDATA[java.lang.NullPointerException: Cannot invoke "com.aventstack.extentreports.ExtentTest.log(com.aventstack.extentreports.Status, String)" because "computers.DWS_DeskTop_05_Test.logger" is null
at computers.DWS_DeskTop_05_Test.Add_two_product_to_compare_and_check(DWS_DeskTop_05_Test.java:23)
at java.base/java.util.ArrayList.forEach(ArrayList.java:1511)
... Removed 27 stack frames]]>
    </failure>
  </testcase> <!-- Add_two_product_to_compare_and_check -->
</testsuite> <!-- Test -->
