<?xml version="1.0" encoding="UTF-8"?>
<testng-results ignored="0" total="1" passed="1" failed="0" skipped="0">
  <reporter-output>
  </reporter-output>
  <suite started-at="2023-11-04T14:25:07 IST" name="Default suite" finished-at="2023-11-04T14:25:23 IST" duration-ms="16124">
    <groups>
    </groups>
    <test started-at="2023-11-04T14:25:07 IST" name="Default test" finished-at="2023-11-04T14:25:23 IST" duration-ms="16124">
      <class name="login.DWS_Features_Products_03_Test">
        <test-method is-config="true" signature="launchingTheBrowserAndNaviagateToApplication()[pri:0, instance:login.DWS_Features_Products_03_Test@4b0d79fc]" started-at="2023-11-04T14:25:08 IST" name="launchingTheBrowserAndNaviagateToApplication" finished-at="2023-11-04T14:25:18 IST" duration-ms="10607" status="PASS">
          <reporter-output>
          </reporter-output>
        </test-method> <!-- launchingTheBrowserAndNaviagateToApplication -->
        <test-method is-config="true" signature="loginToApplication()[pri:0, instance:login.DWS_Features_Products_03_Test@4b0d79fc]" started-at="2023-11-04T14:25:18 IST" name="loginToApplication" finished-at="2023-11-04T14:25:19 IST" duration-ms="150" status="PASS">
          <reporter-output>
          </reporter-output>
        </test-method> <!-- loginToApplication -->
        <test-method signature="Add_product_to_cart_and_check_in_cart()[pri:0, instance:login.DWS_Features_Products_03_Test@4b0d79fc]" started-at="2023-11-04T14:25:19 IST" name="Add_product_to_cart_and_check_in_cart" finished-at="2023-11-04T14:25:23 IST" duration-ms="4046" status="PASS">
          <reporter-output>
          </reporter-output>
        </test-method> <!-- Add_product_to_cart_and_check_in_cart -->
        <test-method is-config="true" signature="logoutFromApplication()[pri:0, instance:login.DWS_Features_Products_03_Test@4b0d79fc]" started-at="2023-11-04T14:25:23 IST" name="logoutFromApplication" finished-at="2023-11-04T14:25:23 IST" duration-ms="1" status="PASS">
          <reporter-output>
          </reporter-output>
        </test-method> <!-- logoutFromApplication -->
        <test-method is-config="true" signature="closingTheServer()[pri:0, instance:login.DWS_Features_Products_03_Test@4b0d79fc]" started-at="2023-11-04T14:25:23 IST" name="closingTheServer" finished-at="2023-11-04T14:25:23 IST" duration-ms="552" status="PASS">
          <reporter-output>
          </reporter-output>
        </test-method> <!-- closingTheServer -->
      </class> <!-- login.DWS_Features_Products_03_Test -->
    </test> <!-- Default test -->
  </suite> <!-- Default suite -->
</testng-results>
